Сборка начата 31.03.2023 17:22:25.
Уровень детализации журнала: Normal.     1>Проект "D:\Учеба\Constructure of Software\Labs\Spring semester\Lab05\SE_Lab05\SE_Lab05\SE_Lab05.vcxproj" в узле 2 (целевые объекты Build).
     1>InitializeBuildStatus:
         Создание "x64\Debug\SE_Lab05.tlog\unsuccessfulbuild", так как было задано "AlwaysCreate".
       ClCompile:
         C:\Program Files\Microsoft Visual Studio\2022\Community\VC\Tools\MSVC\14.33.31629\bin\HostX64\x64\CL.exe /c /ZI /JMC /nologo /W3 /WX- /diagnostics:column /sdl /Od /D _DEBUG /D _CONSOLE /D _UNICODE /D UNICODE /Gm- /EHsc /RTC1 /MDd /GS /fp:precise /Zc:wchar_t /Zc:forScope /Zc:inline /permissive- /Fo"x64\Debug\\" /Fd"x64\Debug\vc143.pdb" /external:W3 /Gd /TP /FC /errorReport:prompt Dictionary.cpp SE_Lab05.cpp
         Dictionary.cpp
         SE_Lab05.cpp
     1>D:\Учеба\Constructure of Software\Labs\Spring semester\Lab05\SE_Lab05\SE_Lab05\SE_Lab05.cpp(8,1): warning C4326: возвращаемый тип "main" должен быть "int", а не "void"
         Создание кода...
     1>D:\Учеба\Constructure of Software\Labs\Spring semester\Lab05\SE_Lab05\SE_Lab05\Dictionary.cpp(77): warning C4715: Dictionary::GetEntry: значение возвращается не при всех путях выполнения
       Link:
         C:\Program Files\Microsoft Visual Studio\2022\Community\VC\Tools\MSVC\14.33.31629\bin\HostX64\x64\link.exe /ERRORREPORT:PROMPT /OUT:"D:\Учеба\Constructure of Software\Labs\Spring semester\Lab05\SE_Lab05\x64\Debug\SE_Lab05.exe" /INCREMENTAL /ILK:"x64\Debug\SE_Lab05.ilk" /NOLOGO kernel32.lib user32.lib gdi32.lib winspool.lib comdlg32.lib advapi32.lib shell32.lib ole32.lib oleaut32.lib uuid.lib odbc32.lib odbccp32.lib /MANIFEST /MANIFESTUAC:"level='asInvoker' uiAccess='false'" /manifest:embed /DEBUG /PDB:"D:\Учеба\Constructure of Software\Labs\Spring semester\Lab05\SE_Lab05\x64\Debug\SE_Lab05.pdb" /SUBSYSTEM:CONSOLE /TLBID:1 /DYNAMICBASE /NXCOMPAT /IMPLIB:"D:\Учеба\Constructure of Software\Labs\Spring semester\Lab05\SE_Lab05\x64\Debug\SE_Lab05.lib" /MACHINE:X64 x64\Debug\Dictionary.obj
         x64\Debug\SE_Lab05.obj
     1>C:\Program Files\Microsoft Visual Studio\2022\Community\MSBuild\Microsoft\VC\v170\Microsoft.CppCommon.targets(1094,5): error MSB6006: "link.exe" завершилась с кодом 1168.
     1>LINK : fatal error LNK1168: не удается открыть D:\Учеба\Constructure of Software\Labs\Spring semester\Lab05\SE_Lab05\x64\Debug\SE_Lab05.exe для записи
     1>Сборка проекта "D:\Учеба\Constructure of Software\Labs\Spring semester\Lab05\SE_Lab05\SE_Lab05\SE_Lab05.vcxproj" завершена (целевые объекты Build) с ошибкой.

Ошибка сборки.

       "D:\Учеба\Constructure of Software\Labs\Spring semester\Lab05\SE_Lab05\SE_Lab05\SE_Lab05.vcxproj" (целевой объект Build ) (1) ->
       (Целевой объект ClCompile) -> 
         D:\Учеба\Constructure of Software\Labs\Spring semester\Lab05\SE_Lab05\SE_Lab05\SE_Lab05.cpp(8,1): warning C4326: возвращаемый тип "main" должен быть "int", а не "void"
         D:\Учеба\Constructure of Software\Labs\Spring semester\Lab05\SE_Lab05\SE_Lab05\Dictionary.cpp(77): warning C4715: Dictionary::GetEntry: значение возвращается не при всех путях выполнения


       "D:\Учеба\Constructure of Software\Labs\Spring semester\Lab05\SE_Lab05\SE_Lab05\SE_Lab05.vcxproj" (целевой объект Build ) (1) ->
       (Целевой объект Link) -> 
         C:\Program Files\Microsoft Visual Studio\2022\Community\MSBuild\Microsoft\VC\v170\Microsoft.CppCommon.targets(1094,5): error MSB6006: "link.exe" завершилась с кодом 1168.
         LINK : fatal error LNK1168: не удается открыть D:\Учеба\Constructure of Software\Labs\Spring semester\Lab05\SE_Lab05\x64\Debug\SE_Lab05.exe для записи

    Предупреждений: 2
    Ошибок: 2

Прошло времени 00:00:02.82
