Сборка начата 01.03.2023 1:07:14.
Уровень детализации журнала: Normal.     1>Проект "D:\Учеба\Constructure of Software\Labs\Spring semester\Lab01, 03\Lab01\Lab01\Lab01.vcxproj" в узле 2 (целевые объекты Build).
     1>InitializeBuildStatus:
         Создание "Release\Lab01.tlog\unsuccessfulbuild", так как было задано "AlwaysCreate".
       ClCompile:
         Для всех выходных данных обновления не требуется.
         C:\Program Files\Microsoft Visual Studio\2022\Community\VC\Tools\MSVC\14.33.31629\bin\HostX86\x86\CL.exe /c /Zi /nologo /W3 /WX- /diagnostics:column /sdl /O2 /Oi /Oy- /GL /D WIN32 /D NDEBUG /D _CONSOLE /D _UNICODE /D UNICODE /Gm- /EHsc /MD /GS /Gy /fp:precise /Zc:wchar_t /Zc:forScope /Zc:inline /permissive- /Yu"stdafx.h" /Fp"Release\Lab01.pch" /FAcs /FAu /Fa"Release\\" /Fo"Release\\" /Fd"Release\vc143.pdb" /external:W3 /Gd /TP /analyze- /FC /errorReport:prompt countTheEventData.cpp Lab01.cpp
     1>cl : командная строка  warning D9025: переопределение "/FAcs" на "/FAu"
         countTheEventData.cpp
         Lab01.cpp
       Link:
         C:\Program Files\Microsoft Visual Studio\2022\Community\VC\Tools\MSVC\14.33.31629\bin\HostX86\x86\link.exe /ERRORREPORT:PROMPT /OUT:"D:\Учеба\Constructure of Software\Labs\Spring semester\Lab01, 03\Lab01\Release\Lab01.exe" /NOLOGO kernel32.lib user32.lib gdi32.lib winspool.lib comdlg32.lib advapi32.lib shell32.lib ole32.lib oleaut32.lib uuid.lib odbc32.lib odbccp32.lib /MANIFEST /MANIFESTUAC:"level='asInvoker' uiAccess='false'" /manifest:embed /DEBUG /PDB:"D:\Учеба\Constructure of Software\Labs\Spring semester\Lab01, 03\Lab01\Release\Lab01.pdb" /SUBSYSTEM:CONSOLE /OPT:REF /OPT:ICF /LTCG:incremental /LTCGOUT:"Release\Lab01.iobj" /TLBID:1 /DYNAMICBASE /NXCOMPAT /IMPLIB:"D:\Учеба\Constructure of Software\Labs\Spring semester\Lab01, 03\Lab01\Release\Lab01.lib" /MACHINE:X86 /SAFESEH Release\checkIfCorrect.obj
         Release\countTheEventData.obj
         Release\getBirthdayNumber.obj
         Release\getNumber.obj
         Release\Lab01.obj
         Release\nameMonth.obj
         Release\stdafx.obj
         Создание кода
         3 of 81 functions ( 3.7%) were compiled, the rest were copied from previous compilation.
           0 functions were new in current compilation
           2 functions had inline decision re-evaluated but remain unchanged
         Создание кода завершено
         Lab01.vcxproj -> D:\Учеба\Constructure of Software\Labs\Spring semester\Lab01, 03\Lab01\Release\Lab01.exe
       FinalizeBuildStatus:
         Файл "Release\Lab01.tlog\unsuccessfulbuild" удаляется.
         Обращение к "Release\Lab01.tlog\Lab01.lastbuildstate".
     1>Сборка проекта "D:\Учеба\Constructure of Software\Labs\Spring semester\Lab01, 03\Lab01\Lab01\Lab01.vcxproj" завершена (целевые объекты Build).

Сборка успешно завершена.

       "D:\Учеба\Constructure of Software\Labs\Spring semester\Lab01, 03\Lab01\Lab01\Lab01.vcxproj" (целевой объект Build ) (1) ->
       (Целевой объект ClCompile) -> 
         cl : командная строка  warning D9025: переопределение "/FAcs" на "/FAu"

    Предупреждений: 1
    Ошибок: 0

Прошло времени 00:00:00.41
