d:\учеба\constructure of software\labs\spring semester\lab01, 03\lab01\lab01\release\lab01.pch
d:\учеба\constructure of software\labs\spring semester\lab01, 03\lab01\lab01\release\vc143.pdb
d:\учеба\constructure of software\labs\spring semester\lab01, 03\lab01\lab01\release\stdafx.obj
d:\учеба\constructure of software\labs\spring semester\lab01, 03\lab01\lab01\release\namemonth.obj
d:\учеба\constructure of software\labs\spring semester\lab01, 03\lab01\lab01\release\lab01.obj
d:\учеба\constructure of software\labs\spring semester\lab01, 03\lab01\lab01\release\getnumber.obj
d:\учеба\constructure of software\labs\spring semester\lab01, 03\lab01\lab01\release\getbirthdaynumber.obj
d:\учеба\constructure of software\labs\spring semester\lab01, 03\lab01\lab01\release\checkifcorrect.obj
d:\учеба\constructure of software\labs\spring semester\lab01, 03\lab01\release\lab01.exe
d:\учеба\constructure of software\labs\spring semester\lab01, 03\lab01\lab01\release\checkifcorrect.asm
d:\учеба\constructure of software\labs\spring semester\lab01, 03\lab01\lab01\release\getbirthdaynumber.asm
d:\учеба\constructure of software\labs\spring semester\lab01, 03\lab01\lab01\release\getnumber.asm
d:\учеба\constructure of software\labs\spring semester\lab01, 03\lab01\lab01\release\lab01.asm
d:\учеба\constructure of software\labs\spring semester\lab01, 03\lab01\lab01\release\namemonth.asm
d:\учеба\constructure of software\labs\spring semester\lab01, 03\lab01\lab01\release\stdafx.asm
d:\учеба\constructure of software\labs\spring semester\lab01, 03\lab01\lab01\release\lab01.ipdb
d:\учеба\constructure of software\labs\spring semester\lab01, 03\lab01\lab01\release\lab01.iobj
d:\учеба\constructure of software\labs\spring semester\lab01, 03\lab01\release\lab01.pdb
d:\учеба\constructure of software\labs\spring semester\lab01, 03\lab01\lab01\release\lab01.tlog\cl.command.1.tlog
d:\учеба\constructure of software\labs\spring semester\lab01, 03\lab01\lab01\release\lab01.tlog\cl.read.1.tlog
d:\учеба\constructure of software\labs\spring semester\lab01, 03\lab01\lab01\release\lab01.tlog\cl.write.1.tlog
d:\учеба\constructure of software\labs\spring semester\lab01, 03\lab01\lab01\release\lab01.tlog\link.command.1.tlog
d:\учеба\constructure of software\labs\spring semester\lab01, 03\lab01\lab01\release\lab01.tlog\link.read.1.tlog
d:\учеба\constructure of software\labs\spring semester\lab01, 03\lab01\lab01\release\lab01.tlog\link.write.1.tlog
