Сборка начата 10.02.2023 16:53:26.
Уровень детализации журнала: Normal.     1>Проект "D:\Учеба\Constructure of Software\Labs\Spring semester\Lab01\Lab01\Lab01\Lab01.vcxproj" в узле 2 (целевые объекты Build).
     1>PrepareForBuild:
         Создание каталога "D:\Учеба\Constructure of Software\Labs\Spring semester\Lab01\Lab01\x64\Release\".
         Создание каталога "x64\Release\Lab01.tlog\".
       InitializeBuildStatus:
         Создание "x64\Release\Lab01.tlog\unsuccessfulbuild", так как было задано "AlwaysCreate".
       ClCompile:
         C:\Program Files\Microsoft Visual Studio\2022\Community\VC\Tools\MSVC\14.33.31629\bin\HostX64\x64\CL.exe /c /Zi /nologo /W3 /WX- /diagnostics:column /sdl /O2 /Oi /GL /D NDEBUG /D _CONSOLE /D _UNICODE /D UNICODE /Gm- /EHsc /MD /GS /Gy /fp:precise /Zc:wchar_t /Zc:forScope /Zc:inline /permissive- /Fo"x64\Release\\" /Fd"x64\Release\vc143.pdb" /external:W3 /Gd /TP /FC /errorReport:prompt checkIfCorrect.cpp getBirthdayNumber.cpp getNumber.cpp Lab01.cpp nameMonth.cpp stdafx.cpp
         checkIfCorrect.cpp
     1>D:\Учеба\Constructure of Software\Labs\Spring semester\Lab01\Lab01\Lab01\checkIfCorrect.cpp(18,21): warning C4390: ";": обнаружен пустой контролируемый оператор; это правильно?
         getBirthdayNumber.cpp
         getNumber.cpp
         Lab01.cpp
         nameMonth.cpp
         stdafx.cpp
       Link:
         C:\Program Files\Microsoft Visual Studio\2022\Community\VC\Tools\MSVC\14.33.31629\bin\HostX64\x64\link.exe /ERRORREPORT:PROMPT /OUT:"D:\Учеба\Constructure of Software\Labs\Spring semester\Lab01\Lab01\x64\Release\Lab01.exe" /NOLOGO kernel32.lib user32.lib gdi32.lib winspool.lib comdlg32.lib advapi32.lib shell32.lib ole32.lib oleaut32.lib uuid.lib odbc32.lib odbccp32.lib /MANIFEST /MANIFESTUAC:"level='asInvoker' uiAccess='false'" /manifest:embed /DEBUG /PDB:"D:\Учеба\Constructure of Software\Labs\Spring semester\Lab01\Lab01\x64\Release\Lab01.pdb" /SUBSYSTEM:CONSOLE /OPT:REF /OPT:ICF /LTCG:incremental /LTCGOUT:"x64\Release\Lab01.iobj" /TLBID:1 /DYNAMICBASE /NXCOMPAT /IMPLIB:"D:\Учеба\Constructure of Software\Labs\Spring semester\Lab01\Lab01\x64\Release\Lab01.lib" /MACHINE:X64 x64\Release\checkIfCorrect.obj
         x64\Release\getBirthdayNumber.obj
         x64\Release\getNumber.obj
         x64\Release\Lab01.obj
         x64\Release\nameMonth.obj
         x64\Release\stdafx.obj
         Создание кода
         Previous IPDB not found, fall back to full compilation.
         All 80 functions were compiled because no usable IPDB/IOBJ from previous compilation was found.
         Создание кода завершено
         Lab01.vcxproj -> D:\Учеба\Constructure of Software\Labs\Spring semester\Lab01\Lab01\x64\Release\Lab01.exe
       FinalizeBuildStatus:
         Файл "x64\Release\Lab01.tlog\unsuccessfulbuild" удаляется.
         Обращение к "x64\Release\Lab01.tlog\Lab01.lastbuildstate".
     1>Сборка проекта "D:\Учеба\Constructure of Software\Labs\Spring semester\Lab01\Lab01\Lab01\Lab01.vcxproj" завершена (целевые объекты Build).

Сборка успешно завершена.

       "D:\Учеба\Constructure of Software\Labs\Spring semester\Lab01\Lab01\Lab01\Lab01.vcxproj" (целевой объект Build ) (1) ->
       (Целевой объект ClCompile) -> 
         D:\Учеба\Constructure of Software\Labs\Spring semester\Lab01\Lab01\Lab01\checkIfCorrect.cpp(18,21): warning C4390: ";": обнаружен пустой контролируемый оператор; это правильно?

    Предупреждений: 1
    Ошибок: 0

Прошло времени 00:00:05.39
