Сборка начата 31.03.2023 17:51:15.
Уровень детализации журнала: Normal.     1>Проект "D:\Учеба\Constructure of Software\Labs\Spring semester\Lab04\SE_Lab04\SE_Lab04\SE_Lab04.vcxproj" в узле 2 (целевые объекты Build).
     1>InitializeBuildStatus:
         Обращение к "Debug\SE_Lab04.tlog\unsuccessfulbuild".
       ClCompile:
         C:\Program Files\Microsoft Visual Studio\2022\Community\VC\Tools\MSVC\14.33.31629\bin\HostX86\x86\CL.exe /c /ZI /JMC /nologo /W3 /WX- /diagnostics:column /sdl /Od /Oy- /D WIN32 /D _DEBUG /D _CONSOLE /D _UNICODE /D UNICODE /Gm- /EHsc /RTC1 /MDd /GS /fp:precise /Zc:wchar_t /Zc:forScope /Zc:inline /permissive- /Fo"Debug\\" /Fd"Debug\vc143.pdb" /external:W3 /Gd /TP /analyze- /FC /errorReport:prompt lab04.cpp
         lab04.cpp
     1>D:\Учеба\Constructure of Software\Labs\Spring semester\Lab04\SE_Lab04\SE_Lab04\lab04.cpp(72,13): warning C4326: возвращаемый тип "main" должен быть "int", а не "void"
       Link:
         C:\Program Files\Microsoft Visual Studio\2022\Community\VC\Tools\MSVC\14.33.31629\bin\HostX86\x86\link.exe /ERRORREPORT:PROMPT /OUT:"D:\Учеба\Constructure of Software\Labs\Spring semester\Lab04\SE_Lab04\Debug\SE_Lab04.exe" /INCREMENTAL /ILK:"Debug\SE_Lab04.ilk" /NOLOGO kernel32.lib user32.lib gdi32.lib winspool.lib comdlg32.lib advapi32.lib shell32.lib ole32.lib oleaut32.lib uuid.lib odbc32.lib odbccp32.lib /MANIFEST /MANIFESTUAC:"level='asInvoker' uiAccess='false'" /manifest:embed /DEBUG /PDB:"D:\Учеба\Constructure of Software\Labs\Spring semester\Lab04\SE_Lab04\Debug\SE_Lab04.pdb" /SUBSYSTEM:CONSOLE /TLBID:1 /DYNAMICBASE /NXCOMPAT /IMPLIB:"D:\Учеба\Constructure of Software\Labs\Spring semester\Lab04\SE_Lab04\Debug\SE_Lab04.lib" /MACHINE:X86 Debug\lab04.obj
         SE_Lab04.vcxproj -> D:\Учеба\Constructure of Software\Labs\Spring semester\Lab04\SE_Lab04\Debug\SE_Lab04.exe
       FinalizeBuildStatus:
         Файл "Debug\SE_Lab04.tlog\unsuccessfulbuild" удаляется.
         Обращение к "Debug\SE_Lab04.tlog\SE_Lab04.lastbuildstate".
     1>Сборка проекта "D:\Учеба\Constructure of Software\Labs\Spring semester\Lab04\SE_Lab04\SE_Lab04\SE_Lab04.vcxproj" завершена (целевые объекты Build).

Сборка успешно завершена.

       "D:\Учеба\Constructure of Software\Labs\Spring semester\Lab04\SE_Lab04\SE_Lab04\SE_Lab04.vcxproj" (целевой объект Build ) (1) ->
       (Целевой объект ClCompile) -> 
         D:\Учеба\Constructure of Software\Labs\Spring semester\Lab04\SE_Lab04\SE_Lab04\lab04.cpp(72,13): warning C4326: возвращаемый тип "main" должен быть "int", а не "void"

    Предупреждений: 1
    Ошибок: 0

Прошло времени 00:00:01.72
