Сборка начата 10.02.2023 16:40:27.
Уровень детализации журнала: Normal.     1>Проект "D:\Учеба\Constructure of Software\Labs\Spring semester\Lab01\Lab01\Lab01\Lab01.vcxproj" в узле 2 (целевые объекты Build).
     1>PrepareForBuild:
         Создание каталога "D:\Учеба\Constructure of Software\Labs\Spring semester\Lab01\Lab01\x64\Debug\".
         Создание каталога "x64\Debug\Lab01.tlog\".
       InitializeBuildStatus:
         Создание "x64\Debug\Lab01.tlog\unsuccessfulbuild", так как было задано "AlwaysCreate".
       ClCompile:
         C:\Program Files\Microsoft Visual Studio\2022\Community\VC\Tools\MSVC\14.33.31629\bin\HostX64\x64\CL.exe /c /ZI /JMC /nologo /W3 /WX- /diagnostics:column /sdl /Od /D _DEBUG /D _CONSOLE /D _UNICODE /D UNICODE /Gm- /EHsc /RTC1 /MDd /GS /fp:precise /Zc:wchar_t /Zc:forScope /Zc:inline /permissive- /Fo"x64\Debug\\" /Fd"x64\Debug\vc143.pdb" /external:W3 /Gd /TP /FC /errorReport:prompt checkIfCorrect.cpp getBirthdayNumber.cpp getNumber.cpp Lab01.cpp nameMonth.cpp stdafx.cpp
         checkIfCorrect.cpp
     1>D:\Учеба\Constructure of Software\Labs\Spring semester\Lab01\Lab01\Lab01\checkIfCorrect.cpp(18,21): warning C4390: ";": обнаружен пустой контролируемый оператор; это правильно?
         getBirthdayNumber.cpp
         getNumber.cpp
         Lab01.cpp
         nameMonth.cpp
         stdafx.cpp
         Создание кода...
       Link:
         C:\Program Files\Microsoft Visual Studio\2022\Community\VC\Tools\MSVC\14.33.31629\bin\HostX64\x64\link.exe /ERRORREPORT:PROMPT /OUT:"D:\Учеба\Constructure of Software\Labs\Spring semester\Lab01\Lab01\x64\Debug\Lab01.exe" /INCREMENTAL /ILK:"x64\Debug\Lab01.ilk" /NOLOGO kernel32.lib user32.lib gdi32.lib winspool.lib comdlg32.lib advapi32.lib shell32.lib ole32.lib oleaut32.lib uuid.lib odbc32.lib odbccp32.lib /MANIFEST /MANIFESTUAC:"level='asInvoker' uiAccess='false'" /manifest:embed /DEBUG /PDB:"D:\Учеба\Constructure of Software\Labs\Spring semester\Lab01\Lab01\x64\Debug\Lab01.pdb" /SUBSYSTEM:CONSOLE /TLBID:1 /DYNAMICBASE /NXCOMPAT /IMPLIB:"D:\Учеба\Constructure of Software\Labs\Spring semester\Lab01\Lab01\x64\Debug\Lab01.lib" /MACHINE:X64 x64\Debug\checkIfCorrect.obj
         x64\Debug\getBirthdayNumber.obj
         x64\Debug\getNumber.obj
         x64\Debug\Lab01.obj
         x64\Debug\nameMonth.obj
         x64\Debug\stdafx.obj
         Lab01.vcxproj -> D:\Учеба\Constructure of Software\Labs\Spring semester\Lab01\Lab01\x64\Debug\Lab01.exe
       FinalizeBuildStatus:
         Файл "x64\Debug\Lab01.tlog\unsuccessfulbuild" удаляется.
         Обращение к "x64\Debug\Lab01.tlog\Lab01.lastbuildstate".
     1>Сборка проекта "D:\Учеба\Constructure of Software\Labs\Spring semester\Lab01\Lab01\Lab01\Lab01.vcxproj" завершена (целевые объекты Build).

Сборка успешно завершена.

       "D:\Учеба\Constructure of Software\Labs\Spring semester\Lab01\Lab01\Lab01\Lab01.vcxproj" (целевой объект Build ) (1) ->
       (Целевой объект ClCompile) -> 
         D:\Учеба\Constructure of Software\Labs\Spring semester\Lab01\Lab01\Lab01\checkIfCorrect.cpp(18,21): warning C4390: ";": обнаружен пустой контролируемый оператор; это правильно?

    Предупреждений: 1
    Ошибок: 0

Прошло времени 00:00:06.00
