Сборка начата 07.04.2023 16:34:59.
Уровень детализации журнала: Normal.     1>Проект "D:\Учеба\Constructure_of_Software\Labs\Spring_semester\Lab06\SE_Lab06S\SE_Lab06\SE_Lab06.vcxproj" в узле 2 (целевые объекты Build).
     1>InitializeBuildStatus:
         Создание "Debug\SE_Lab06.tlog\unsuccessfulbuild", так как было задано "AlwaysCreate".
       ClCompile:
         C:\Program Files\Microsoft Visual Studio\2022\Community\VC\Tools\MSVC\14.33.31629\bin\HostX86\x86\CL.exe /c /ZI /JMC /nologo /W3 /WX- /diagnostics:column /sdl /Od /Oy- /D WIN32 /D _DEBUG /D _CONSOLE /D _UNICODE /D UNICODE /Gm- /EHsc /RTC1 /MDd /GS /fp:precise /Zc:wchar_t /Zc:forScope /Zc:inline /permissive- /Fo"Debug\\" /Fd"Debug\vc143.pdb" /external:W3 /Gd /TP /analyze- /FC /errorReport:prompt SE_Lab06.cpp
         SE_Lab06.cpp
     1>D:\Учеба\Constructure_of_Software\Labs\Spring_semester\Lab06\SE_Lab06S\SE_Lab06\SE_Lab06.cpp(9,1): warning C4326: возвращаемый тип "main" должен быть "int", а не "void"
       Link:
         C:\Program Files\Microsoft Visual Studio\2022\Community\VC\Tools\MSVC\14.33.31629\bin\HostX86\x86\link.exe /ERRORREPORT:PROMPT /OUT:"D:\Учеба\Constructure_of_Software\Labs\Spring_semester\Lab06\SE_Lab06S\Debug\SE_Lab06.exe" /INCREMENTAL /ILK:"Debug\SE_Lab06.ilk" /NOLOGO kernel32.lib user32.lib gdi32.lib winspool.lib comdlg32.lib advapi32.lib shell32.lib ole32.lib oleaut32.lib uuid.lib odbc32.lib odbccp32.lib /MANIFEST /MANIFESTUAC:"level='asInvoker' uiAccess='false'" /manifest:embed /DEBUG /PDB:"D:\Учеба\Constructure_of_Software\Labs\Spring_semester\Lab06\SE_Lab06S\Debug\SE_Lab06.pdb" /SUBSYSTEM:CONSOLE /TLBID:1 /DYNAMICBASE /NXCOMPAT /IMPLIB:"D:\Учеба\Constructure_of_Software\Labs\Spring_semester\Lab06\SE_Lab06S\Debug\SE_Lab06.lib" /MACHINE:X86 D:\\Учеба\\Constructure_of_Software\\Labs\\Spring_semester\\Lab06\\SE_Lab06S\\Debug\\SE_Lab06L.lib Debug\SE_Lab06.obj
         SE_Lab06.vcxproj -> D:\Учеба\Constructure_of_Software\Labs\Spring_semester\Lab06\SE_Lab06S\Debug\SE_Lab06.exe
       FinalizeBuildStatus:
         Файл "Debug\SE_Lab06.tlog\unsuccessfulbuild" удаляется.
         Обращение к "Debug\SE_Lab06.tlog\SE_Lab06.lastbuildstate".
     1>Сборка проекта "D:\Учеба\Constructure_of_Software\Labs\Spring_semester\Lab06\SE_Lab06S\SE_Lab06\SE_Lab06.vcxproj" завершена (целевые объекты Build).

Сборка успешно завершена.

       "D:\Учеба\Constructure_of_Software\Labs\Spring_semester\Lab06\SE_Lab06S\SE_Lab06\SE_Lab06.vcxproj" (целевой объект Build ) (1) ->
       (Целевой объект ClCompile) -> 
         D:\Учеба\Constructure_of_Software\Labs\Spring_semester\Lab06\SE_Lab06S\SE_Lab06\SE_Lab06.cpp(9,1): warning C4326: возвращаемый тип "main" должен быть "int", а не "void"

    Предупреждений: 1
    Ошибок: 0

Прошло времени 00:00:03.19
